<?xml version="1.0" encoding="UTF-8"?>
<!-- Generated by org.testng.reporters.JUnitXMLReporter -->
<testsuite hostname="vaibhav-Latitude-3550" ignored="0" name="Doctor Order Report Builder" tests="63" failures="0" timestamp="03 May 2019 10:08:31 GMT" time="201.905" errors="0">
  <testcase name="test3MonthPdf" time="0.293" classname="com.reports.testcases.TestPaymentforInsurance"/>
  <testcase name="test3MonthCsv" time="0.23" classname="com.reports.testcases.TestPaymentforInsurance"/>
  <testcase name="test3MonthText" time="0.209" classname="com.reports.testcases.TestPaymentforInsurance"/>
  <testcase name="testDateFieldsBlank_pdf" time="0.182" classname="com.reports.testcases.TestPaymentforInsurance"/>
  <testcase name="testDateFieldsBlank_csv" time="0.161" classname="com.reports.testcases.TestPaymentforInsurance"/>
  <testcase name="testDateFieldsBlank_text" time="0.195" classname="com.reports.testcases.TestPaymentforInsurance"/>
  <testcase name="testFromDateFieldBlank_pdf" time="0.181" classname="com.reports.testcases.TestPaymentforInsurance"/>
  <testcase name="testToDateFieldBlank_pdf" time="0.163" classname="com.reports.testcases.TestPaymentforInsurance"/>
  <testcase name="testFromDateFieldBlank_cvs" time="0.179" classname="com.reports.testcases.TestPaymentforInsurance"/>
  <testcase name="testToDateFieldBlank_cvs" time="0.195" classname="com.reports.testcases.TestPaymentforInsurance"/>
  <testcase name="testFromDateFieldBlank_text" time="0.232" classname="com.reports.testcases.TestPaymentforInsurance"/>
  <testcase name="testToDateFieldBlank_text" time="0.196" classname="com.reports.testcases.TestPaymentforInsurance"/>
  <testcase name="testDateFieldsBlank_favSaveButton" time="0.203" classname="com.reports.testcases.TestPaymentforInsurance"/>
  <testcase name="testFromDateFieldBlank_favSaveButton" time="0.213" classname="com.reports.testcases.TestPaymentforInsurance"/>
  <testcase name="testToDateFieldBlank_favSaveButton" time="0.211" classname="com.reports.testcases.TestPaymentforInsurance"/>
  <testcase name="checkForThisFinancialYear" time="0.135" classname="com.reports.testcases.TestPaymentforInsurance"/>
  <testcase name="checkForPreviousFinancialYear" time="0.131" classname="com.reports.testcases.TestPaymentforInsurance"/>
  <testcase name="verifyDateFieldsForYesterdayOptions" time="0.609" classname="com.reports.testcases.TestPaymentforInsurance"/>
  <testcase name="verifyDateFieldsForTodayOptions" time="0.337" classname="com.reports.testcases.TestPaymentforInsurance"/>
  <testcase name="verifyDateFieldsForPreviousMonthOptions" time="0.329" classname="com.reports.testcases.TestPaymentforInsurance"/>
  <testcase name="verifyDateFieldsForThisMonthOptions" time="0.321" classname="com.reports.testcases.TestPaymentforInsurance"/>
  <testcase name="verifyDateFieldsForFromPastToFuture_pdf" time="0.169" classname="com.reports.testcases.TestPaymentforInsurance"/>
  <testcase name="verifyDateFieldsForFromPastToFuture_csv" time="0.165" classname="com.reports.testcases.TestPaymentforInsurance"/>
  <testcase name="verifyDateFieldsForFromPastToFuture_text" time="0.164" classname="com.reports.testcases.TestPaymentforInsurance"/>
  <testcase name="verifyDateFieldsForFromPastToFuture_toSaveFav" time="0.233" classname="com.reports.testcases.TestPaymentforInsurance"/>
  <testcase name="vreifyForYesterdaysDateOnReFreshing" time="12.421" classname="com.reports.testcases.TestPaymentforInsurance"/>
  <testcase name="checkAutoCustomDateOption" time="0.741" classname="com.reports.testcases.TestPaymentforInsurance"/>
  <testcase name="verifyAllowedReportDurationDropdown" time="0.545" classname="com.reports.testcases.TestPaymentforInsurance"/>
  <testcase name="verifyAllowedReportDurationDropdown" time="0.532" classname="com.reports.testcases.TestPaymentforInsurance"/>
  <testcase name="verifyAllowedReportDurationDropdown" time="0.495" classname="com.reports.testcases.TestPaymentforInsurance"/>
  <testcase name="verifyAllowedReportDurationDropdown" time="0.517" classname="com.reports.testcases.TestPaymentforInsurance"/>
  <testcase name="pdfTest" time="10.168" classname="com.reports.testcases.TestPaymentforInsurance"/>
  <testcase name="pdfTest" time="1.748" classname="com.reports.testcases.TestPaymentforInsurance"/>
  <testcase name="pdfTest" time="1.664" classname="com.reports.testcases.TestPaymentforInsurance"/>
  <testcase name="pdfTest" time="1.639" classname="com.reports.testcases.TestPaymentforInsurance"/>
  <testcase name="pdfTest" time="1.729" classname="com.reports.testcases.TestPaymentforInsurance"/>
  <testcase name="pdfTest" time="1.775" classname="com.reports.testcases.TestPaymentforInsurance"/>
  <testcase name="pdfTest" time="1.753" classname="com.reports.testcases.TestPaymentforInsurance"/>
  <testcase name="pdfTest" time="1.687" classname="com.reports.testcases.TestPaymentforInsurance"/>
  <testcase name="createFavouritesForAllowedReportDurationoption" time="3.561" classname="com.reports.testcases.TestPaymentforInsurance"/>
  <testcase name="createFavouritesForAllowedReportDurationoption" time="3.465" classname="com.reports.testcases.TestPaymentforInsurance"/>
  <testcase name="createFavouritesForAllowedReportDurationoption" time="3.276" classname="com.reports.testcases.TestPaymentforInsurance"/>
  <testcase name="createFavouritesForAllowedReportDurationoption" time="3.003" classname="com.reports.testcases.TestPaymentforInsurance"/>
  <testcase name="checkFavouriteReportsForDefaultDate_option1" time="16.455" classname="com.reports.testcases.TestPaymentforInsurance"/>
  <testcase name="checkFavouriteReportsForDefaultDate_option2" time="12.308" classname="com.reports.testcases.TestPaymentforInsurance"/>
  <testcase name="checkFavouriteReportsForDefaultDate_option3" time="12.419" classname="com.reports.testcases.TestPaymentforInsurance"/>
  <testcase name="checkFavouriteReportsForDefaultDate_optionSelect" time="12.248" classname="com.reports.testcases.TestPaymentforInsurance"/>
  <testcase name="switchToTheUser" time="1.077" classname="com.reports.testcases.TestPaymentforInsurance"/>
  <testcase name="check1MonthFavPDFReport" time="9.348" classname="com.reports.testcases.TestPaymentforInsurance"/>
  <testcase name="check2MonthFavPDFReport" time="5.678" classname="com.reports.testcases.TestPaymentforInsurance"/>
  <testcase name="check3MonthFavPDFReport" time="5.952" classname="com.reports.testcases.TestPaymentforInsurance"/>
  <testcase name="checkForCorporateOffice" time="14.175" classname="com.reports.testcases.TestPaymentforInsurance"/>
  <testcase name="checkForCorporateOffice" time="0.347" classname="com.reports.testcases.TestPaymentforInsurance"/>
  <testcase name="checkForCorporateOffice" time="0.349" classname="com.reports.testcases.TestPaymentforInsurance"/>
  <testcase name="checkForCorporateOffice" time="0.347" classname="com.reports.testcases.TestPaymentforInsurance"/>
  <testcase name="checkForCorporateOffice" time="0.346" classname="com.reports.testcases.TestPaymentforInsurance"/>
  <testcase name="checkForCorporateOffice" time="0.343" classname="com.reports.testcases.TestPaymentforInsurance"/>
  <testcase name="checkForCorporateOffice" time="0.367" classname="com.reports.testcases.TestPaymentforInsurance"/>
  <testcase name="checkForCorporateOffice" time="0.366" classname="com.reports.testcases.TestPaymentforInsurance"/>
  <testcase name="checkForCorporateOffice_fav1" time="20.612" classname="com.reports.testcases.TestPaymentforInsurance"/>
  <testcase name="chekForCorporateOffice_fav2" time="5.881" classname="com.reports.testcases.TestPaymentforInsurance"/>
  <testcase name="chekForCorporateOffice_fav3" time="5.817" classname="com.reports.testcases.TestPaymentforInsurance"/>
  <testcase name="closeBrowswe" time="0.744" classname="com.reports.testcases.TestPaymentforInsurance"/>
</testsuite> <!-- Doctor Order Report Builder -->
