<?xml version="1.0" encoding="UTF-8"?>
<!-- Generated by org.testng.reporters.JUnitXMLReporter -->
<testsuite hostname="vaibhav-Latitude-3550" ignored="0" name="Patient Stats Tabular Report Builder" tests="63" failures="0" timestamp="03 May 2019 06:05:59 GMT" time="5.358" errors="0">
  <testcase name="@BeforeClass setUp" time="5.128" classname="com.reports.testcases.TestPaymentforInsurance">
    <failure type="org.openqa.selenium.WebDriverException" message="Reached error page: about:neterror?e=connectionFailure&amp;amp;u=http%3A//10.8.55.122/instanmc/loginForm.do&amp;amp;c=UTF-8&amp;amp;f=regular&amp;amp;d=Firefox%20can%E2%80%99t%20establish%20a%20connection%20to%20the%20server%20at%2010.8.55.122.
Build info: version: &amp;apos;3.141.59&amp;apos;, revision: &amp;apos;e82be7d358&amp;apos;, time: &amp;apos;2018-11-14T08:25:53&amp;apos;
System info: host: &amp;apos;vaibhav-Latitude-3550&amp;apos;, ip: &amp;apos;127.0.1.1&amp;apos;, os.name: &amp;apos;Linux&amp;apos;, os.arch: &amp;apos;amd64&amp;apos;, os.version: &amp;apos;3.13.0-36-generic&amp;apos;, java.version: &amp;apos;1.8.0_201&amp;apos;
Driver info: org.openqa.selenium.firefox.FirefoxDriver
Capabilities {acceptInsecureCerts: true, browserName: firefox, browserVersion: 65.0.1, javascriptEnabled: true, moz:accessibilityChecks: false, moz:geckodriverVersion: 0.24.0, moz:headless: false, moz:processID: 8841, moz:profile: /tmp/rust_mozprofile.xw2pce..., moz:shutdownTimeout: 60000, moz:useNonSpecCompliantPointerOrigin: false, moz:webdriverClick: true, pageLoadStrategy: normal, platform: LINUX, platformName: LINUX, platformVersion: 3.13.0-36-generic, rotatable: false, setWindowRect: true, strictFileInteractability: false, timeouts: {implicit: 0, pageLoad: 300000, script: 30000}, unhandledPromptBehavior: dismiss and notify}
Session ID: c2cdf041-e4e9-48a4-9785-03433e7c8a52">
      <![CDATA[org.openqa.selenium.WebDriverException: Reached error page: about:neterror?e=connectionFailure&u=http%3A//10.8.55.122/instanmc/loginForm.do&c=UTF-8&f=regular&d=Firefox%20can%E2%80%99t%20establish%20a%20connection%20to%20the%20server%20at%2010.8.55.122.
Build info: version: '3.141.59', revision: 'e82be7d358', time: '2018-11-14T08:25:53'
System info: host: 'vaibhav-Latitude-3550', ip: '127.0.1.1', os.name: 'Linux', os.arch: 'amd64', os.version: '3.13.0-36-generic', java.version: '1.8.0_201'
Driver info: org.openqa.selenium.firefox.FirefoxDriver
Capabilities {acceptInsecureCerts: true, browserName: firefox, browserVersion: 65.0.1, javascriptEnabled: true, moz:accessibilityChecks: false, moz:geckodriverVersion: 0.24.0, moz:headless: false, moz:processID: 8841, moz:profile: /tmp/rust_mozprofile.xw2pce..., moz:shutdownTimeout: 60000, moz:useNonSpecCompliantPointerOrigin: false, moz:webdriverClick: true, pageLoadStrategy: normal, platform: LINUX, platformName: LINUX, platformVersion: 3.13.0-36-generic, rotatable: false, setWindowRect: true, strictFileInteractability: false, timeouts: {implicit: 0, pageLoad: 300000, script: 30000}, unhandledPromptBehavior: dismiss and notify}
Session ID: c2cdf041-e4e9-48a4-9785-03433e7c8a52
at org.openqa.selenium.remote.http.W3CHttpResponseCodec.createException(W3CHttpResponseCodec.java:187)
at org.openqa.selenium.remote.http.W3CHttpResponseCodec.decode(W3CHttpResponseCodec.java:122)
at org.openqa.selenium.remote.http.W3CHttpResponseCodec.decode(W3CHttpResponseCodec.java:49)
at org.openqa.selenium.remote.HttpCommandExecutor.execute(HttpCommandExecutor.java:158)
at org.openqa.selenium.remote.service.DriverCommandExecutor.execute(DriverCommandExecutor.java:83)
at org.openqa.selenium.remote.RemoteWebDriver.execute(RemoteWebDriver.java:552)
at org.openqa.selenium.remote.RemoteWebDriver.get(RemoteWebDriver.java:277)
at com.reports.generics.BaseTest.Initlization(BaseTest.java:28)
at com.reports.testcases.TestLoginPage.<init>(TestLoginPage.java:15)
at com.reports.testcases.TestBuilders.<init>(TestBuilders.java:51)
at com.reports.testcases.TestPaymentforInsurance.setUp(TestPaymentforInsurance.java:60)
... Removed 30 stack frames]]>
    </failure>
  </testcase> <!-- @BeforeClass setUp -->
  <testcase name="test3MonthPdf" time="0.0" classname="com.reports.testcases.TestPaymentforInsurance">
    <skipped/>
  </testcase> <!-- test3MonthPdf -->
  <testcase name="test3MonthCsv" time="0.0" classname="com.reports.testcases.TestPaymentforInsurance">
    <skipped/>
  </testcase> <!-- test3MonthCsv -->
  <testcase name="test3MonthText" time="0.0" classname="com.reports.testcases.TestPaymentforInsurance">
    <skipped/>
  </testcase> <!-- test3MonthText -->
  <testcase name="testDateFieldsBlank_pdf" time="0.0" classname="com.reports.testcases.TestPaymentforInsurance">
    <skipped/>
  </testcase> <!-- testDateFieldsBlank_pdf -->
  <testcase name="testDateFieldsBlank_csv" time="0.0" classname="com.reports.testcases.TestPaymentforInsurance">
    <skipped/>
  </testcase> <!-- testDateFieldsBlank_csv -->
  <testcase name="testDateFieldsBlank_text" time="0.0" classname="com.reports.testcases.TestPaymentforInsurance">
    <skipped/>
  </testcase> <!-- testDateFieldsBlank_text -->
  <testcase name="testFromDateFieldBlank_pdf" time="0.0" classname="com.reports.testcases.TestPaymentforInsurance">
    <skipped/>
  </testcase> <!-- testFromDateFieldBlank_pdf -->
  <testcase name="testToDateFieldBlank_pdf" time="0.0" classname="com.reports.testcases.TestPaymentforInsurance">
    <skipped/>
  </testcase> <!-- testToDateFieldBlank_pdf -->
  <testcase name="testFromDateFieldBlank_cvs" time="0.0" classname="com.reports.testcases.TestPaymentforInsurance">
    <skipped/>
  </testcase> <!-- testFromDateFieldBlank_cvs -->
  <testcase name="testToDateFieldBlank_cvs" time="0.0" classname="com.reports.testcases.TestPaymentforInsurance">
    <skipped/>
  </testcase> <!-- testToDateFieldBlank_cvs -->
  <testcase name="testFromDateFieldBlank_text" time="0.001" classname="com.reports.testcases.TestPaymentforInsurance">
    <skipped/>
  </testcase> <!-- testFromDateFieldBlank_text -->
  <testcase name="testToDateFieldBlank_text" time="0.0" classname="com.reports.testcases.TestPaymentforInsurance">
    <skipped/>
  </testcase> <!-- testToDateFieldBlank_text -->
  <testcase name="testDateFieldsBlank_favSaveButton" time="0.0" classname="com.reports.testcases.TestPaymentforInsurance">
    <skipped/>
  </testcase> <!-- testDateFieldsBlank_favSaveButton -->
  <testcase name="testFromDateFieldBlank_favSaveButton" time="0.0" classname="com.reports.testcases.TestPaymentforInsurance">
    <skipped/>
  </testcase> <!-- testFromDateFieldBlank_favSaveButton -->
  <testcase name="testToDateFieldBlank_favSaveButton" time="0.0" classname="com.reports.testcases.TestPaymentforInsurance">
    <skipped/>
  </testcase> <!-- testToDateFieldBlank_favSaveButton -->
  <testcase name="checkForThisFinancialYear" time="0.0" classname="com.reports.testcases.TestPaymentforInsurance">
    <skipped/>
  </testcase> <!-- checkForThisFinancialYear -->
  <testcase name="checkForPreviousFinancialYear" time="0.0" classname="com.reports.testcases.TestPaymentforInsurance">
    <skipped/>
  </testcase> <!-- checkForPreviousFinancialYear -->
  <testcase name="verifyDateFieldsForYesterdayOptions" time="0.0" classname="com.reports.testcases.TestPaymentforInsurance">
    <skipped/>
  </testcase> <!-- verifyDateFieldsForYesterdayOptions -->
  <testcase name="verifyDateFieldsForTodayOptions" time="0.0" classname="com.reports.testcases.TestPaymentforInsurance">
    <skipped/>
  </testcase> <!-- verifyDateFieldsForTodayOptions -->
  <testcase name="verifyDateFieldsForPreviousMonthOptions" time="0.0" classname="com.reports.testcases.TestPaymentforInsurance">
    <skipped/>
  </testcase> <!-- verifyDateFieldsForPreviousMonthOptions -->
  <testcase name="verifyDateFieldsForThisMonthOptions" time="0.0" classname="com.reports.testcases.TestPaymentforInsurance">
    <skipped/>
  </testcase> <!-- verifyDateFieldsForThisMonthOptions -->
  <testcase name="verifyDateFieldsForFromPastToFuture_pdf" time="0.0" classname="com.reports.testcases.TestPaymentforInsurance">
    <skipped/>
  </testcase> <!-- verifyDateFieldsForFromPastToFuture_pdf -->
  <testcase name="verifyDateFieldsForFromPastToFuture_csv" time="0.0" classname="com.reports.testcases.TestPaymentforInsurance">
    <skipped/>
  </testcase> <!-- verifyDateFieldsForFromPastToFuture_csv -->
  <testcase name="verifyDateFieldsForFromPastToFuture_text" time="0.0" classname="com.reports.testcases.TestPaymentforInsurance">
    <skipped/>
  </testcase> <!-- verifyDateFieldsForFromPastToFuture_text -->
  <testcase name="verifyDateFieldsForFromPastToFuture_toSaveFav" time="0.0" classname="com.reports.testcases.TestPaymentforInsurance">
    <skipped/>
  </testcase> <!-- verifyDateFieldsForFromPastToFuture_toSaveFav -->
  <testcase name="vreifyForYesterdaysDateOnReFreshing" time="0.0" classname="com.reports.testcases.TestPaymentforInsurance">
    <skipped/>
  </testcase> <!-- vreifyForYesterdaysDateOnReFreshing -->
  <testcase name="checkAutoCustomDateOption" time="0.0" classname="com.reports.testcases.TestPaymentforInsurance">
    <skipped/>
  </testcase> <!-- checkAutoCustomDateOption -->
  <testcase name="verifyAllowedReportDurationDropdown" time="0.0" classname="com.reports.testcases.TestPaymentforInsurance">
    <skipped/>
  </testcase> <!-- verifyAllowedReportDurationDropdown -->
  <testcase name="verifyAllowedReportDurationDropdown" time="0.0" classname="com.reports.testcases.TestPaymentforInsurance">
    <skipped/>
  </testcase> <!-- verifyAllowedReportDurationDropdown -->
  <testcase name="verifyAllowedReportDurationDropdown" time="0.0" classname="com.reports.testcases.TestPaymentforInsurance">
    <skipped/>
  </testcase> <!-- verifyAllowedReportDurationDropdown -->
  <testcase name="verifyAllowedReportDurationDropdown" time="0.0" classname="com.reports.testcases.TestPaymentforInsurance">
    <skipped/>
  </testcase> <!-- verifyAllowedReportDurationDropdown -->
  <testcase name="pdfTest" time="0.0" classname="com.reports.testcases.TestPaymentforInsurance">
    <skipped/>
  </testcase> <!-- pdfTest -->
  <testcase name="pdfTest" time="0.0" classname="com.reports.testcases.TestPaymentforInsurance">
    <skipped/>
  </testcase> <!-- pdfTest -->
  <testcase name="pdfTest" time="0.0" classname="com.reports.testcases.TestPaymentforInsurance">
    <skipped/>
  </testcase> <!-- pdfTest -->
  <testcase name="pdfTest" time="0.0" classname="com.reports.testcases.TestPaymentforInsurance">
    <skipped/>
  </testcase> <!-- pdfTest -->
  <testcase name="pdfTest" time="0.0" classname="com.reports.testcases.TestPaymentforInsurance">
    <skipped/>
  </testcase> <!-- pdfTest -->
  <testcase name="pdfTest" time="0.0" classname="com.reports.testcases.TestPaymentforInsurance">
    <skipped/>
  </testcase> <!-- pdfTest -->
  <testcase name="pdfTest" time="0.0" classname="com.reports.testcases.TestPaymentforInsurance">
    <skipped/>
  </testcase> <!-- pdfTest -->
  <testcase name="pdfTest" time="0.0" classname="com.reports.testcases.TestPaymentforInsurance">
    <skipped/>
  </testcase> <!-- pdfTest -->
  <testcase name="createFavouritesForAllowedReportDurationoption" time="0.0" classname="com.reports.testcases.TestPaymentforInsurance">
    <skipped/>
  </testcase> <!-- createFavouritesForAllowedReportDurationoption -->
  <testcase name="createFavouritesForAllowedReportDurationoption" time="0.0" classname="com.reports.testcases.TestPaymentforInsurance">
    <skipped/>
  </testcase> <!-- createFavouritesForAllowedReportDurationoption -->
  <testcase name="createFavouritesForAllowedReportDurationoption" time="0.0" classname="com.reports.testcases.TestPaymentforInsurance">
    <skipped/>
  </testcase> <!-- createFavouritesForAllowedReportDurationoption -->
  <testcase name="createFavouritesForAllowedReportDurationoption" time="0.0" classname="com.reports.testcases.TestPaymentforInsurance">
    <skipped/>
  </testcase> <!-- createFavouritesForAllowedReportDurationoption -->
  <testcase name="checkFavouriteReportsForDefaultDate_option1" time="0.0" classname="com.reports.testcases.TestPaymentforInsurance">
    <skipped/>
  </testcase> <!-- checkFavouriteReportsForDefaultDate_option1 -->
  <testcase name="checkFavouriteReportsForDefaultDate_option2" time="0.0" classname="com.reports.testcases.TestPaymentforInsurance">
    <skipped/>
  </testcase> <!-- checkFavouriteReportsForDefaultDate_option2 -->
  <testcase name="checkFavouriteReportsForDefaultDate_option3" time="0.0" classname="com.reports.testcases.TestPaymentforInsurance">
    <skipped/>
  </testcase> <!-- checkFavouriteReportsForDefaultDate_option3 -->
  <testcase name="checkFavouriteReportsForDefaultDate_optionSelect" time="0.0" classname="com.reports.testcases.TestPaymentforInsurance">
    <skipped/>
  </testcase> <!-- checkFavouriteReportsForDefaultDate_optionSelect -->
  <testcase name="switchToTheUser" time="0.0" classname="com.reports.testcases.TestPaymentforInsurance">
    <skipped/>
  </testcase> <!-- switchToTheUser -->
  <testcase name="check1MonthFavPDFReport" time="0.0" classname="com.reports.testcases.TestPaymentforInsurance">
    <skipped/>
  </testcase> <!-- check1MonthFavPDFReport -->
  <testcase name="check2MonthFavPDFReport" time="0.0" classname="com.reports.testcases.TestPaymentforInsurance">
    <skipped/>
  </testcase> <!-- check2MonthFavPDFReport -->
  <testcase name="check3MonthFavPDFReport" time="0.0" classname="com.reports.testcases.TestPaymentforInsurance">
    <skipped/>
  </testcase> <!-- check3MonthFavPDFReport -->
  <testcase name="checkForCorporateOffice" time="0.0" classname="com.reports.testcases.TestPaymentforInsurance">
    <skipped/>
  </testcase> <!-- checkForCorporateOffice -->
  <testcase name="checkForCorporateOffice" time="0.0" classname="com.reports.testcases.TestPaymentforInsurance">
    <skipped/>
  </testcase> <!-- checkForCorporateOffice -->
  <testcase name="checkForCorporateOffice" time="0.0" classname="com.reports.testcases.TestPaymentforInsurance">
    <skipped/>
  </testcase> <!-- checkForCorporateOffice -->
  <testcase name="checkForCorporateOffice" time="0.0" classname="com.reports.testcases.TestPaymentforInsurance">
    <skipped/>
  </testcase> <!-- checkForCorporateOffice -->
  <testcase name="checkForCorporateOffice" time="0.0" classname="com.reports.testcases.TestPaymentforInsurance">
    <skipped/>
  </testcase> <!-- checkForCorporateOffice -->
  <testcase name="checkForCorporateOffice" time="0.0" classname="com.reports.testcases.TestPaymentforInsurance">
    <skipped/>
  </testcase> <!-- checkForCorporateOffice -->
  <testcase name="checkForCorporateOffice" time="0.0" classname="com.reports.testcases.TestPaymentforInsurance">
    <skipped/>
  </testcase> <!-- checkForCorporateOffice -->
  <testcase name="checkForCorporateOffice" time="0.0" classname="com.reports.testcases.TestPaymentforInsurance">
    <skipped/>
  </testcase> <!-- checkForCorporateOffice -->
  <testcase name="checkForCorporateOffice_fav1" time="0.0" classname="com.reports.testcases.TestPaymentforInsurance">
    <skipped/>
  </testcase> <!-- checkForCorporateOffice_fav1 -->
  <testcase name="chekForCorporateOffice_fav2" time="0.0" classname="com.reports.testcases.TestPaymentforInsurance">
    <skipped/>
  </testcase> <!-- chekForCorporateOffice_fav2 -->
  <testcase name="chekForCorporateOffice_fav3" time="0.0" classname="com.reports.testcases.TestPaymentforInsurance">
    <skipped/>
  </testcase> <!-- chekForCorporateOffice_fav3 -->
  <testcase name="closeBrowswe" time="0.0" classname="com.reports.testcases.TestPaymentforInsurance">
    <skipped/>
  </testcase> <!-- closeBrowswe -->
</testsuite> <!-- Patient Stats Tabular Report Builder -->
