<?xml version="1.0" encoding="UTF-8"?>
<!-- Generated by org.testng.reporters.JUnitXMLReporter -->
<testsuite hostname="vaibhav-Latitude-3550" ignored="0" name="Patient Vitals Report Builder" tests="63" failures="0" timestamp="03 May 2019 06:10:14 GMT" time="188.508" errors="0">
  <testcase name="test3MonthPdf" time="0.372" classname="com.reports.testcases.TestPaymentforInsurance"/>
  <testcase name="test3MonthCsv" time="0.238" classname="com.reports.testcases.TestPaymentforInsurance"/>
  <testcase name="test3MonthText" time="0.197" classname="com.reports.testcases.TestPaymentforInsurance"/>
  <testcase name="testDateFieldsBlank_pdf" time="0.181" classname="com.reports.testcases.TestPaymentforInsurance"/>
  <testcase name="testDateFieldsBlank_csv" time="0.177" classname="com.reports.testcases.TestPaymentforInsurance"/>
  <testcase name="testDateFieldsBlank_text" time="0.162" classname="com.reports.testcases.TestPaymentforInsurance"/>
  <testcase name="testFromDateFieldBlank_pdf" time="0.168" classname="com.reports.testcases.TestPaymentforInsurance"/>
  <testcase name="testToDateFieldBlank_pdf" time="0.161" classname="com.reports.testcases.TestPaymentforInsurance"/>
  <testcase name="testFromDateFieldBlank_cvs" time="0.16" classname="com.reports.testcases.TestPaymentforInsurance"/>
  <testcase name="testToDateFieldBlank_cvs" time="0.163" classname="com.reports.testcases.TestPaymentforInsurance"/>
  <testcase name="testFromDateFieldBlank_text" time="0.177" classname="com.reports.testcases.TestPaymentforInsurance"/>
  <testcase name="testToDateFieldBlank_text" time="0.154" classname="com.reports.testcases.TestPaymentforInsurance"/>
  <testcase name="testDateFieldsBlank_favSaveButton" time="0.199" classname="com.reports.testcases.TestPaymentforInsurance"/>
  <testcase name="testFromDateFieldBlank_favSaveButton" time="0.212" classname="com.reports.testcases.TestPaymentforInsurance"/>
  <testcase name="testToDateFieldBlank_favSaveButton" time="0.216" classname="com.reports.testcases.TestPaymentforInsurance"/>
  <testcase name="checkForThisFinancialYear" time="0.127" classname="com.reports.testcases.TestPaymentforInsurance"/>
  <testcase name="checkForPreviousFinancialYear" time="0.114" classname="com.reports.testcases.TestPaymentforInsurance"/>
  <testcase name="verifyDateFieldsForYesterdayOptions" time="0.598" classname="com.reports.testcases.TestPaymentforInsurance"/>
  <testcase name="verifyDateFieldsForTodayOptions" time="0.333" classname="com.reports.testcases.TestPaymentforInsurance"/>
  <testcase name="verifyDateFieldsForPreviousMonthOptions" time="0.321" classname="com.reports.testcases.TestPaymentforInsurance"/>
  <testcase name="verifyDateFieldsForThisMonthOptions" time="0.324" classname="com.reports.testcases.TestPaymentforInsurance"/>
  <testcase name="verifyDateFieldsForFromPastToFuture_pdf" time="0.18" classname="com.reports.testcases.TestPaymentforInsurance"/>
  <testcase name="verifyDateFieldsForFromPastToFuture_csv" time="0.182" classname="com.reports.testcases.TestPaymentforInsurance"/>
  <testcase name="verifyDateFieldsForFromPastToFuture_text" time="0.166" classname="com.reports.testcases.TestPaymentforInsurance"/>
  <testcase name="verifyDateFieldsForFromPastToFuture_toSaveFav" time="0.249" classname="com.reports.testcases.TestPaymentforInsurance"/>
  <testcase name="vreifyForYesterdaysDateOnReFreshing" time="14.239" classname="com.reports.testcases.TestPaymentforInsurance"/>
  <testcase name="checkAutoCustomDateOption" time="0.686" classname="com.reports.testcases.TestPaymentforInsurance"/>
  <testcase name="verifyAllowedReportDurationDropdown" time="0.519" classname="com.reports.testcases.TestPaymentforInsurance"/>
  <testcase name="verifyAllowedReportDurationDropdown" time="0.512" classname="com.reports.testcases.TestPaymentforInsurance"/>
  <testcase name="verifyAllowedReportDurationDropdown" time="0.58" classname="com.reports.testcases.TestPaymentforInsurance"/>
  <testcase name="verifyAllowedReportDurationDropdown" time="0.549" classname="com.reports.testcases.TestPaymentforInsurance"/>
  <testcase name="pdfTest" time="7.6" classname="com.reports.testcases.TestPaymentforInsurance"/>
  <testcase name="pdfTest" time="1.674" classname="com.reports.testcases.TestPaymentforInsurance"/>
  <testcase name="pdfTest" time="1.657" classname="com.reports.testcases.TestPaymentforInsurance"/>
  <testcase name="pdfTest" time="1.562" classname="com.reports.testcases.TestPaymentforInsurance"/>
  <testcase name="pdfTest" time="1.939" classname="com.reports.testcases.TestPaymentforInsurance"/>
  <testcase name="pdfTest" time="1.591" classname="com.reports.testcases.TestPaymentforInsurance"/>
  <testcase name="pdfTest" time="1.981" classname="com.reports.testcases.TestPaymentforInsurance"/>
  <testcase name="pdfTest" time="1.571" classname="com.reports.testcases.TestPaymentforInsurance"/>
  <testcase name="createFavouritesForAllowedReportDurationoption" time="3.143" classname="com.reports.testcases.TestPaymentforInsurance"/>
  <testcase name="createFavouritesForAllowedReportDurationoption" time="3.296" classname="com.reports.testcases.TestPaymentforInsurance"/>
  <testcase name="createFavouritesForAllowedReportDurationoption" time="3.541" classname="com.reports.testcases.TestPaymentforInsurance"/>
  <testcase name="createFavouritesForAllowedReportDurationoption" time="3.369" classname="com.reports.testcases.TestPaymentforInsurance"/>
  <testcase name="checkFavouriteReportsForDefaultDate_option1" time="17.051" classname="com.reports.testcases.TestPaymentforInsurance"/>
  <testcase name="checkFavouriteReportsForDefaultDate_option2" time="12.348" classname="com.reports.testcases.TestPaymentforInsurance"/>
  <testcase name="checkFavouriteReportsForDefaultDate_option3" time="12.382" classname="com.reports.testcases.TestPaymentforInsurance"/>
  <testcase name="checkFavouriteReportsForDefaultDate_optionSelect" time="12.19" classname="com.reports.testcases.TestPaymentforInsurance"/>
  <testcase name="switchToTheUser" time="1.501" classname="com.reports.testcases.TestPaymentforInsurance"/>
  <testcase name="check1MonthFavPDFReport" time="9.592" classname="com.reports.testcases.TestPaymentforInsurance"/>
  <testcase name="check2MonthFavPDFReport" time="6.063" classname="com.reports.testcases.TestPaymentforInsurance"/>
  <testcase name="check3MonthFavPDFReport" time="5.95" classname="com.reports.testcases.TestPaymentforInsurance"/>
  <testcase name="checkForCorporateOffice" time="7.898" classname="com.reports.testcases.TestPaymentforInsurance"/>
  <testcase name="checkForCorporateOffice" time="0.364" classname="com.reports.testcases.TestPaymentforInsurance"/>
  <testcase name="checkForCorporateOffice" time="0.348" classname="com.reports.testcases.TestPaymentforInsurance"/>
  <testcase name="checkForCorporateOffice" time="0.349" classname="com.reports.testcases.TestPaymentforInsurance"/>
  <testcase name="checkForCorporateOffice" time="0.35" classname="com.reports.testcases.TestPaymentforInsurance"/>
  <testcase name="checkForCorporateOffice" time="0.354" classname="com.reports.testcases.TestPaymentforInsurance"/>
  <testcase name="checkForCorporateOffice" time="0.348" classname="com.reports.testcases.TestPaymentforInsurance"/>
  <testcase name="checkForCorporateOffice" time="0.525" classname="com.reports.testcases.TestPaymentforInsurance"/>
  <testcase name="checkForCorporateOffice_fav1" time="17.172" classname="com.reports.testcases.TestPaymentforInsurance"/>
  <testcase name="chekForCorporateOffice_fav2" time="5.841" classname="com.reports.testcases.TestPaymentforInsurance"/>
  <testcase name="chekForCorporateOffice_fav3" time="6.042" classname="com.reports.testcases.TestPaymentforInsurance"/>
  <testcase name="closeBrowswe" time="0.753" classname="com.reports.testcases.TestPaymentforInsurance"/>
</testsuite> <!-- Patient Vitals Report Builder -->
