<?xml version="1.0" encoding="UTF-8"?>
<!-- Generated by org.testng.reporters.JUnitXMLReporter -->
<testsuite hostname="vaibhav-Latitude-3550" ignored="0" name="Test" tests="63" failures="0" timestamp="03 May 2019 09:21:57 GMT" time="196.217" errors="0">
  <testcase name="test3MonthPdf" time="0.274" classname="com.reports.testcases.TestPaymentforInsurance"/>
  <testcase name="test3MonthCsv" time="0.242" classname="com.reports.testcases.TestPaymentforInsurance"/>
  <testcase name="test3MonthText" time="0.194" classname="com.reports.testcases.TestPaymentforInsurance"/>
  <testcase name="testDateFieldsBlank_pdf" time="0.165" classname="com.reports.testcases.TestPaymentforInsurance"/>
  <testcase name="testDateFieldsBlank_csv" time="0.181" classname="com.reports.testcases.TestPaymentforInsurance"/>
  <testcase name="testDateFieldsBlank_text" time="0.178" classname="com.reports.testcases.TestPaymentforInsurance"/>
  <testcase name="testFromDateFieldBlank_pdf" time="0.158" classname="com.reports.testcases.TestPaymentforInsurance"/>
  <testcase name="testToDateFieldBlank_pdf" time="0.148" classname="com.reports.testcases.TestPaymentforInsurance"/>
  <testcase name="testFromDateFieldBlank_cvs" time="0.161" classname="com.reports.testcases.TestPaymentforInsurance"/>
  <testcase name="testToDateFieldBlank_cvs" time="0.164" classname="com.reports.testcases.TestPaymentforInsurance"/>
  <testcase name="testFromDateFieldBlank_text" time="0.164" classname="com.reports.testcases.TestPaymentforInsurance"/>
  <testcase name="testToDateFieldBlank_text" time="0.147" classname="com.reports.testcases.TestPaymentforInsurance"/>
  <testcase name="testDateFieldsBlank_favSaveButton" time="0.201" classname="com.reports.testcases.TestPaymentforInsurance"/>
  <testcase name="testFromDateFieldBlank_favSaveButton" time="0.202" classname="com.reports.testcases.TestPaymentforInsurance"/>
  <testcase name="testToDateFieldBlank_favSaveButton" time="0.212" classname="com.reports.testcases.TestPaymentforInsurance"/>
  <testcase name="checkForThisFinancialYear" time="0.134" classname="com.reports.testcases.TestPaymentforInsurance"/>
  <testcase name="checkForPreviousFinancialYear" time="0.131" classname="com.reports.testcases.TestPaymentforInsurance"/>
  <testcase name="verifyDateFieldsForYesterdayOptions" time="0.624" classname="com.reports.testcases.TestPaymentforInsurance"/>
  <testcase name="verifyDateFieldsForTodayOptions" time="0.321" classname="com.reports.testcases.TestPaymentforInsurance"/>
  <testcase name="verifyDateFieldsForPreviousMonthOptions" time="0.325" classname="com.reports.testcases.TestPaymentforInsurance"/>
  <testcase name="verifyDateFieldsForThisMonthOptions" time="0.381" classname="com.reports.testcases.TestPaymentforInsurance"/>
  <testcase name="verifyDateFieldsForFromPastToFuture_pdf" time="0.169" classname="com.reports.testcases.TestPaymentforInsurance"/>
  <testcase name="verifyDateFieldsForFromPastToFuture_csv" time="0.18" classname="com.reports.testcases.TestPaymentforInsurance"/>
  <testcase name="verifyDateFieldsForFromPastToFuture_text" time="0.165" classname="com.reports.testcases.TestPaymentforInsurance"/>
  <testcase name="verifyDateFieldsForFromPastToFuture_toSaveFav" time="0.217" classname="com.reports.testcases.TestPaymentforInsurance"/>
  <testcase name="vreifyForYesterdaysDateOnReFreshing" time="9.002" classname="com.reports.testcases.TestPaymentforInsurance"/>
  <testcase name="checkAutoCustomDateOption" time="0.698" classname="com.reports.testcases.TestPaymentforInsurance"/>
  <testcase name="verifyAllowedReportDurationDropdown" time="0.539" classname="com.reports.testcases.TestPaymentforInsurance"/>
  <testcase name="verifyAllowedReportDurationDropdown" time="0.636" classname="com.reports.testcases.TestPaymentforInsurance"/>
  <testcase name="verifyAllowedReportDurationDropdown" time="0.527" classname="com.reports.testcases.TestPaymentforInsurance"/>
  <testcase name="verifyAllowedReportDurationDropdown" time="0.566" classname="com.reports.testcases.TestPaymentforInsurance"/>
  <testcase name="pdfTest" time="5.151" classname="com.reports.testcases.TestPaymentforInsurance"/>
  <testcase name="pdfTest" time="1.393" classname="com.reports.testcases.TestPaymentforInsurance"/>
  <testcase name="pdfTest" time="1.19" classname="com.reports.testcases.TestPaymentforInsurance"/>
  <testcase name="pdfTest" time="1.27" classname="com.reports.testcases.TestPaymentforInsurance"/>
  <testcase name="pdfTest" time="1.408" classname="com.reports.testcases.TestPaymentforInsurance"/>
  <testcase name="pdfTest" time="1.25" classname="com.reports.testcases.TestPaymentforInsurance"/>
  <testcase name="pdfTest" time="1.286" classname="com.reports.testcases.TestPaymentforInsurance"/>
  <testcase name="pdfTest" time="1.468" classname="com.reports.testcases.TestPaymentforInsurance"/>
  <testcase name="createFavouritesForAllowedReportDurationoption" time="1.87" classname="com.reports.testcases.TestPaymentforInsurance"/>
  <testcase name="createFavouritesForAllowedReportDurationoption" time="2.045" classname="com.reports.testcases.TestPaymentforInsurance"/>
  <testcase name="createFavouritesForAllowedReportDurationoption" time="1.798" classname="com.reports.testcases.TestPaymentforInsurance"/>
  <testcase name="createFavouritesForAllowedReportDurationoption" time="1.651" classname="com.reports.testcases.TestPaymentforInsurance"/>
  <testcase name="checkFavouriteReportsForDefaultDate_option1" time="17.099" classname="com.reports.testcases.TestPaymentforInsurance"/>
  <testcase name="checkFavouriteReportsForDefaultDate_option2" time="12.192" classname="com.reports.testcases.TestPaymentforInsurance"/>
  <testcase name="checkFavouriteReportsForDefaultDate_option3" time="12.079" classname="com.reports.testcases.TestPaymentforInsurance"/>
  <testcase name="checkFavouriteReportsForDefaultDate_optionSelect" time="11.743" classname="com.reports.testcases.TestPaymentforInsurance"/>
  <testcase name="switchToTheUser" time="1.075" classname="com.reports.testcases.TestPaymentforInsurance"/>
  <testcase name="check1MonthFavPDFReport" time="10.097" classname="com.reports.testcases.TestPaymentforInsurance"/>
  <testcase name="check2MonthFavPDFReport" time="6.708" classname="com.reports.testcases.TestPaymentforInsurance"/>
  <testcase name="check3MonthFavPDFReport" time="5.891" classname="com.reports.testcases.TestPaymentforInsurance"/>
  <testcase name="checkForCorporateOffice" time="12.566" classname="com.reports.testcases.TestPaymentforInsurance"/>
  <testcase name="checkForCorporateOffice" time="0.351" classname="com.reports.testcases.TestPaymentforInsurance"/>
  <testcase name="checkForCorporateOffice" time="0.382" classname="com.reports.testcases.TestPaymentforInsurance"/>
  <testcase name="checkForCorporateOffice" time="0.348" classname="com.reports.testcases.TestPaymentforInsurance"/>
  <testcase name="checkForCorporateOffice" time="0.351" classname="com.reports.testcases.TestPaymentforInsurance"/>
  <testcase name="checkForCorporateOffice" time="0.36" classname="com.reports.testcases.TestPaymentforInsurance"/>
  <testcase name="checkForCorporateOffice" time="0.382" classname="com.reports.testcases.TestPaymentforInsurance"/>
  <testcase name="checkForCorporateOffice" time="0.441" classname="com.reports.testcases.TestPaymentforInsurance"/>
  <testcase name="checkForCorporateOffice_fav1" time="28.151" classname="com.reports.testcases.TestPaymentforInsurance"/>
  <testcase name="chekForCorporateOffice_fav2" time="6.722" classname="com.reports.testcases.TestPaymentforInsurance"/>
  <testcase name="chekForCorporateOffice_fav3" time="5.626" classname="com.reports.testcases.TestPaymentforInsurance"/>
  <testcase name="closeBrowswe" time="0.856" classname="com.reports.testcases.TestPaymentforInsurance"/>
</testsuite> <!-- Test -->
